INFO 2018/03/31 16:49:41 utilities.go:140: Failed to get cookie <nil>
INFO 2018/03/31 16:51:48 utilities.go:140: Failed to get cookie <nil>
INFO 2018/03/31 16:58:31 utilities.go:140: Failed to get cookie <nil>
INFO 2018/03/31 17:08:16 utilities.go:140: Failed to get cookie <nil>
INFO 2018/03/31 17:10:33 utilities.go:140: Failed to get cookie <nil>
INFO 2018/03/31 17:28:19 utilities.go:140: Failed to get cookie <nil>
INFO 2018/03/31 17:33:18 utilities.go:140: Failed to get cookie <nil>
INFO 2018/04/01 15:46:15 utilities.go:140: Failed to get cookie <nil>
INFO 2018/04/01 15:55:53 utilities.go:140: Failed to get cookie <nil>
INFO 2018/04/01 15:58:18 utilities.go:140: Failed to get cookie <nil>
INFO 2018/04/01 16:01:48 utilities.go:140: Failed to get cookie <nil>
INFO 2018/04/01 16:11:05 utilities.go:140: Failed to get cookie <nil>
INFO 2018/04/01 16:58:24 utilities.go:140: Failed to get cookie <nil>
INFO 2018/04/01 17:04:04 utilities.go:140: Failed to get cookie <nil>
INFO 2018/04/01 17:05:38 utilities.go:140: Failed to get cookie <nil>
INFO 2018/04/01 17:08:55 utilities.go:140: Failed to get cookie <nil>
INFO 2018/04/01 17:09:28 utilities.go:140: Failed to get cookie <nil>
INFO 2018/04/01 17:14:42 utilities.go:140: Failed to get cookie <nil>
INFO 2018/04/01 17:14:54 utilities.go:140: Failed to get cookie <nil>
INFO 2018/04/01 17:18:46 utilities.go:140: Failed to get cookie <nil>
INFO 2018/04/01 17:21:44 utilities.go:140: Failed to get cookie <nil>
INFO 2018/04/01 17:23:24 utilities.go:140: Failed to get cookie <nil>
INFO 2018/04/01 17:25:11 utilities.go:140: Failed to get cookie <nil>
INFO 2018/04/01 17:36:15 utilities.go:140: Failed to get cookie <nil>
INFO 2018/04/01 17:39:06 utilities.go:140: Failed to get cookie <nil>
INFO 2018/04/01 17:41:38 utilities.go:140: Failed to get cookie <nil>
INFO 2018/04/01 17:44:29 utilities.go:140: Failed to get cookie <nil>
INFO 2018/04/01 17:45:23 utilities.go:140: Failed to get cookie <nil>
INFO 2018/04/01 17:46:23 utilities.go:140: Failed to get cookie <nil>
INFO 2018/04/01 17:46:29 utilities.go:140: Failed to get cookie <nil>
INFO 2018/04/01 17:46:34 utilities.go:140: Failed to get cookie <nil>
INFO 2018/04/01 17:48:02 utilities.go:140: Failed to get cookie <nil>
INFO 2018/04/01 17:55:46 utilities.go:140: Failed to get cookie <nil>
INFO 2018/04/01 18:00:12 utilities.go:140: Failed to get cookie <nil>
INFO 2018/04/01 18:02:08 utilities.go:140: Failed to get cookie <nil>
INFO 2018/04/01 18:02:28 utilities.go:140: Key may not be empty Could not delete inactive existing session
INFO 2018/04/01 18:03:39 utilities.go:140: Failed to get cookie <nil>
INFO 2018/04/01 18:04:19 utilities.go:140: Failed to get cookie <nil>
INFO 2018/04/01 18:06:37 utilities.go:140: Failed to get cookie <nil>
INFO 2018/04/01 18:12:31 utilities.go:140: Failed to get cookie <nil>
INFO 2018/04/01 18:12:32 utilities.go:140: Failed to get cookie <nil>
INFO 2018/04/01 18:15:27 utilities.go:140: Failed to get cookie <nil>
INFO 2018/04/01 18:19:25 utilities.go:140: Failed to get cookie <nil>
INFO 2018/04/01 18:21:00 utilities.go:140: Failed to get cookie <nil>
INFO 2018/04/01 18:23:08 utilities.go:140: Failed to get cookie <nil>
INFO 2018/04/01 18:30:18 utilities.go:140: Failed to get cookie <nil>
INFO 2018/04/01 18:31:49 utilities.go:140: Failed to get cookie <nil>
INFO 2018/04/01 18:33:43 utilities.go:140: Failed to get cookie <nil>
INFO 2018/04/01 18:33:46 utilities.go:140: Failed to get cookie <nil>
INFO 2018/04/01 18:33:49 utilities.go:140: Failed to get cookie <nil>
INFO 2018/04/01 18:34:25 utilities.go:140: Failed to get cookie <nil>
INFO 2018/04/01 18:36:11 utilities.go:140: Failed to get cookie <nil>
INFO 2018/04/01 18:36:32 utilities.go:140: Failed to get cookie <nil>
INFO 2018/04/01 18:41:06 utilities.go:140: Failed to get cookie <nil>
INFO 2018/04/01 18:54:53 utilities.go:140: Failed to get cookie <nil>
INFO 2018/04/01 18:57:00 utilities.go:140: Failed to get cookie <nil>
INFO 2018/04/01 19:50:58 utilities.go:140: Failed to get cookie <nil>
INFO 2018/04/01 19:51:13 utilities.go:140: Failed to get cookie <nil>
INFO 2018/04/01 19:52:55 utilities.go:140: Failed to get cookie <nil>
INFO 2018/04/01 19:53:02 utilities.go:140: Failed to get cookie <nil>
INFO 2018/04/01 20:02:50 utilities.go:140: Failed to get cookie <nil>
INFO 2018/04/01 21:23:05 utilities.go:140: Failed to get cookie <nil>
INFO 2018/04/01 21:25:43 utilities.go:140: Failed to get cookie <nil>
INFO 2018/04/01 21:50:32 utilities.go:140: Failed to get cookie <nil>
INFO 2018/04/01 21:58:37 utilities.go:140: Failed to get cookie <nil>
INFO 2018/04/01 22:16:22 utilities.go:140: Failed to get cookie <nil>
INFO 2018/04/01 23:16:31 utilities.go:140: Failed to get cookie <nil>
INFO 2018/04/02 12:39:47 utilities.go:140: Failed to get cookie <nil>
INFO 2018/04/02 16:57:17 utilities.go:140: Failed to get cookie <nil>
INFO 2018/04/02 17:01:45 utilities.go:140: Failed to get cookie <nil>
INFO 2018/04/02 17:09:45 utilities.go:140: Failed to get cookie <nil>
INFO 2018/04/02 17:29:47 utilities.go:140: Failed to get cookie <nil>
INFO 2018/04/02 17:49:02 utilities.go:140: Failed to get cookie <nil>
INFO 2018/04/02 19:44:08 utilities.go:140: Failed to get cookie <nil>
INFO 2018/04/02 20:37:25 utilities.go:140: Failed to get cookie <nil>
INFO 2018/04/02 20:55:04 utilities.go:140: Failed to get cookie <nil>
INFO 2018/04/02 21:54:02 utilities.go:140: Failed to get cookie <nil>
INFO 2018/04/02 22:03:08 utilities.go:140: Failed to get cookie <nil>
INFO 2018/04/02 23:46:25 utilities.go:140: Failed to get cookie <nil>
INFO 2018/04/04 13:52:05 utilities.go:140: Failed to get cookie <nil>
INFO 2018/04/04 13:56:16 utilities.go:140: Failed to get cookie <nil>
INFO 2018/04/04 13:58:05 utilities.go:140: Failed to get cookie <nil>
INFO 2018/04/04 14:02:48 utilities.go:140: Failed to get cookie <nil>
INFO 2018/04/04 14:09:06 utilities.go:140: Failed to get cookie <nil>
INFO 2018/04/04 15:23:10 utilities.go:140: Failed to get cookie <nil>
INFO 2018/04/04 17:02:37 utilities.go:140: Failed to get cookie <nil>
INFO 2018/04/05 15:17:06 utilities.go:140: Failed to get cookie <nil>
INFO 2018/04/05 15:17:22 utilities.go:140: Failed to get cookie <nil>
INFO 2018/04/08 11:23:24 utilities.go:140: gocql: unable to create session: unable to discover protocol version: dial tcp 127.0.0.1:9042: getsockopt: connection refused Cannot find username or email
INFO 2018/04/08 11:30:17 utilities.go:140: gocql: unable to create session: unable to discover protocol version: dial tcp 127.0.0.1:9042: getsockopt: connection refused Cannot find username or email
INFO 2018/04/08 12:13:57 utilities.go:140: gocql: unable to create session: unable to discover protocol version: dial tcp 127.0.0.1:9042: getsockopt: connection refused Cannot find username or email
INFO 2018/04/08 12:51:06 utilities.go:140: Failed to get cookie <nil>
INFO 2018/04/08 12:59:01 utilities.go:140: Failed to get cookie <nil>
INFO 2018/04/08 12:59:04 utilities.go:140: not found Cannot find username or email
INFO 2018/04/08 13:07:51 utilities.go:140: Failed to get cookie <nil>
INFO 2018/04/08 13:08:07 utilities.go:140: Failed to get cookie <nil>
INFO 2018/04/08 13:13:20 utilities.go:140: Failed to get cookie <nil>
INFO 2018/04/08 13:14:37 utilities.go:140: Failed to get cookie <nil>
INFO 2018/04/08 13:28:42 utilities.go:140: Failed to get cookie <nil>
INFO 2018/04/08 14:30:11 utilities.go:140: Failed to get cookie <nil>
INFO 2018/04/08 14:42:21 utilities.go:140: Failed to get cookie <nil>
INFO 2018/04/08 16:04:38 utilities.go:140: Failed to get cookie <nil>
INFO 2018/04/09 14:08:01 utilities.go:140: Failed to get cookie <nil>
INFO 2018/04/09 14:23:06 utilities.go:140: Failed to get cookie <nil>
INFO 2018/04/09 15:12:23 utilities.go:140: Failed to get cookie <nil>
INFO 2018/04/09 18:53:51 utilities.go:140: Failed to get cookie <nil>
INFO 2018/04/09 20:04:32 utilities.go:140: Failed to get cookie <nil>
INFO 2018/04/12 01:44:20 utilities.go:140: Failed to get cookie <nil>
INFO 2018/04/12 01:44:28 utilities.go:140: not found Cannot find username or email
INFO 2018/04/12 01:44:37 utilities.go:140: not found Cannot find username or email
INFO 2018/04/12 01:48:36 utilities.go:140: Failed to get cookie <nil>
INFO 2018/04/12 12:16:59 utilities.go:140: Failed to get cookie <nil>
INFO 2018/04/20 21:14:30 utilities.go:140: Failed to get cookie <nil>
INFO 2018/04/20 21:23:05 utilities.go:140: Undefined column name id Cannot find username or email
INFO 2018/04/22 15:10:36 utilities.go:140: gocql: unable to create session: unable to discover protocol version: dial tcp 127.0.0.1:9042: connect: connection refused Cannot find username or email
